# JRE version: Java(TM) SE Runtime Environment (8.0_60-b27) (build 1.8.0_60-b27)
# Java VM: Java HotSpot(TM) 64-Bit Server VM (25.60-b23 mixed mode windows-amd64 compressed oops)
Heap:
 PSYoungGen      total 254464K, used 94815K [0x00000000eab00000, 0x0000000100000000, 0x0000000100000000)
  eden space 199168K, 30% used [0x00000000eab00000,0x00000000ee71dda8,0x00000000f6d80000)
  from space 55296K, 60% used [0x00000000f6d80000,0x00000000f8dfa168,0x00000000fa380000)
  to   space 67072K, 0% used [0x00000000fbe80000,0x00000000fbe80000,0x0000000100000000)
 ParOldGen       total 112128K, used 111632K [0x00000000c0000000, 0x00000000c6d80000, 0x00000000eab00000)
  object space 112128K, 99% used [0x00000000c0000000,0x00000000c6d04090,0x00000000c6d80000)
 Metaspace       used 98098K, capacity 103330K, committed 103424K, reserved 1136640K
  class space    used 13559K, capacity 15593K, committed 15616K, reserved 1048576K
GC Heap History (10 events):
Event: 335.057 GC heap before
{Heap before GC invocations=20 (full 4):
 PSYoungGen      total 202752K, used 181027K [0x00000000eab00000, 0x00000000fae80000, 0x0000000100000000)
  eden space 162816K, 100% used [0x00000000eab00000,0x00000000f4a00000,0x00000000f4a00000)
  from space 39936K, 45% used [0x00000000f4a00000,0x00000000f5bc8e90,0x00000000f7100000)
  to   space 37888K, 0% used [0x00000000f8980000,0x00000000f8980000,0x00000000fae80000)
 ParOldGen       total 112128K, used 79494K [0x00000000c0000000, 0x00000000c6d80000, 0x00000000eab00000)
  object space 112128K, 70% used [0x00000000c0000000,0x00000000c4da1970,0x00000000c6d80000)
 Metaspace       used 75004K, capacity 78882K, committed 79104K, reserved 1116160K
  class space    used 10230K, capacity 11726K, committed 11776K, reserved 1048576K
Event: 335.086 GC heap after
Heap after GC invocations=20 (full 4):
 PSYoungGen      total 218624K, used 21904K [0x00000000eab00000, 0x00000000fa980000, 0x0000000100000000)
  eden space 185856K, 0% used [0x00000000eab00000,0x00000000eab00000,0x00000000f6080000)
  from space 32768K, 66% used [0x00000000f8980000,0x00000000f9ee4120,0x00000000fa980000)
  to   space 37376K, 0% used [0x00000000f6080000,0x00000000f6080000,0x00000000f8500000)
 ParOldGen       total 112128K, used 79502K [0x00000000c0000000, 0x00000000c6d80000, 0x00000000eab00000)
  object space 112128K, 70% used [0x00000000c0000000,0x00000000c4da3970,0x00000000c6d80000)
 Metaspace       used 75004K, capacity 78882K, committed 79104K, reserved 1116160K
  class space    used 10230K, capacity 11726K, committed 11776K, reserved 1048576K
}
Event: 345.121 GC heap before
{Heap before GC invocations=21 (full 4):
 PSYoungGen      total 218624K, used 207760K [0x00000000eab00000, 0x00000000fa980000, 0x0000000100000000)
  eden space 185856K, 100% used [0x00000000eab00000,0x00000000f6080000,0x00000000f6080000)
  from space 32768K, 66% used [0x00000000f8980000,0x00000000f9ee4120,0x00000000fa980000)
  to   space 37376K, 0% used [0x00000000f6080000,0x00000000f6080000,0x00000000f8500000)
 ParOldGen       total 112128K, used 79502K [0x00000000c0000000, 0x00000000c6d80000, 0x00000000eab00000)
  object space 112128K, 70% used [0x00000000c0000000,0x00000000c4da3970,0x00000000c6d80000)
 Metaspace       used 82745K, capacity 86908K, committed 87296K, reserved 1124352K
  class space    used 11343K, capacity 12933K, committed 13056K, reserved 1048576K
Event: 345.165 GC heap after
Heap after GC invocations=21 (full 4):
 PSYoungGen      total 223232K, used 37351K [0x00000000eab00000, 0x00000000fce80000, 0x0000000100000000)
  eden space 185856K, 0% used [0x00000000eab00000,0x00000000eab00000,0x00000000f6080000)
  from space 37376K, 99% used [0x00000000f6080000,0x00000000f84f9d28,0x00000000f8500000)
  to   space 44032K, 0% used [0x00000000fa380000,0x00000000fa380000,0x00000000fce80000)
 ParOldGen       total 112128K, used 83748K [0x00000000c0000000, 0x00000000c6d80000, 0x00000000eab00000)
  object space 112128K, 74% used [0x00000000c0000000,0x00000000c51c9120,0x00000000c6d80000)
 Metaspace       used 82745K, capacity 86908K, committed 87296K, reserved 1124352K
  class space    used 11343K, capacity 12933K, committed 13056K, reserved 1048576K
}
Event: 347.799 GC heap before
{Heap before GC invocations=22 (full 4):
 PSYoungGen      total 223232K, used 223207K [0x00000000eab00000, 0x00000000fce80000, 0x0000000100000000)
  eden space 185856K, 100% used [0x00000000eab00000,0x00000000f6080000,0x00000000f6080000)
  from space 37376K, 99% used [0x00000000f6080000,0x00000000f84f9d28,0x00000000f8500000)
  to   space 44032K, 0% used [0x00000000fa380000,0x00000000fa380000,0x00000000fce80000)
 ParOldGen       total 112128K, used 83748K [0x00000000c0000000, 0x00000000c6d80000, 0x00000000eab00000)
  object space 112128K, 74% used [0x00000000c0000000,0x00000000c51c9120,0x00000000c6d80000)
 Metaspace       used 89758K, capacity 94472K, committed 94592K, reserved 1130496K
  class space    used 12356K, capacity 14182K, committed 14208K, reserved 1048576K
Event: 347.853 GC heap after
Heap after GC invocations=22 (full 4):
 PSYoungGen      total 243200K, used 44029K [0x00000000eab00000, 0x00000000fee00000, 0x0000000100000000)
  eden space 199168K, 0% used [0x00000000eab00000,0x00000000eab00000,0x00000000f6d80000)
  from space 44032K, 99% used [0x00000000fa380000,0x00000000fce7f630,0x00000000fce80000)
  to   space 55296K, 0% used [0x00000000f6d80000,0x00000000f6d80000,0x00000000fa380000)
 ParOldGen       total 112128K, used 96263K [0x00000000c0000000, 0x00000000c6d80000, 0x00000000eab00000)
  object space 112128K, 85% used [0x00000000c0000000,0x00000000c5e01fd0,0x00000000c6d80000)
 Metaspace       used 89758K, capacity 94472K, committed 94592K, reserved 1130496K
  class space    used 12356K, capacity 14182K, committed 14208K, reserved 1048576K
}
Event: 370.364 GC heap before
{Heap before GC invocations=23 (full 4):
 PSYoungGen      total 243200K, used 243197K [0x00000000eab00000, 0x00000000fee00000, 0x0000000100000000)
  eden space 199168K, 100% used [0x00000000eab00000,0x00000000f6d80000,0x00000000f6d80000)
  from space 44032K, 99% used [0x00000000fa380000,0x00000000fce7f630,0x00000000fce80000)
  to   space 55296K, 0% used [0x00000000f6d80000,0x00000000f6d80000,0x00000000fa380000)
 ParOldGen       total 112128K, used 96263K [0x00000000c0000000, 0x00000000c6d80000, 0x00000000eab00000)
  object space 112128K, 85% used [0x00000000c0000000,0x00000000c5e01fd0,0x00000000c6d80000)
 Metaspace       used 97347K, capacity 102820K, committed 102912K, reserved 1136640K
  class space    used 13454K, capacity 15537K, committed 15616K, reserved 1048576K
Event: 370.446 GC heap after
Heap after GC invocations=23 (full 4):
 PSYoungGen      total 254464K, used 55293K [0x00000000eab00000, 0x0000000100000000, 0x0000000100000000)
  eden space 199168K, 0% used [0x00000000eab00000,0x00000000eab00000,0x00000000f6d80000)
  from space 55296K, 99% used [0x00000000f6d80000,0x00000000fa37f650,0x00000000fa380000)
  to   space 67072K, 0% used [0x00000000fbe80000,0x00000000fbe80000,0x0000000100000000)
 ParOldGen       total 112128K, used 105180K [0x00000000c0000000, 0x00000000c6d80000, 0x00000000eab00000)
  object space 112128K, 93% used [0x00000000c0000000,0x00000000c66b7060,0x00000000c6d80000)
 Metaspace       used 97347K, capacity 102820K, committed 102912K, reserved 1136640K
  class space    used 13454K, capacity 15537K, committed 15616K, reserved 1048576K
}
Event: 370.446 GC heap before
{Heap before GC invocations=24 (full 5):
 PSYoungGen      total 254464K, used 55293K [0x00000000eab00000, 0x0000000100000000, 0x0000000100000000)
  eden space 199168K, 0% used [0x00000000eab00000,0x00000000eab00000,0x00000000f6d80000)
  from space 55296K, 99% used [0x00000000f6d80000,0x00000000fa37f650,0x00000000fa380000)
  to   space 67072K, 0% used [0x00000000fbe80000,0x00000000fbe80000,0x0000000100000000)
 ParOldGen       total 112128K, used 105180K [0x00000000c0000000, 0x00000000c6d80000, 0x00000000eab00000)
  object space 112128K, 93% used [0x00000000c0000000,0x00000000c66b7060,0x00000000c6d80000)
 Metaspace       used 97347K, capacity 102820K, committed 102912K, reserved 1136640K
  class space    used 13454K, capacity 15537K, committed 15616K, reserved 1048576K
Event: 371.405 GC heap after
Heap after GC invocations=24 (full 5):
 PSYoungGen      total 254464K, used 33256K [0x00000000eab00000, 0x0000000100000000, 0x0000000100000000)
  eden space 199168K, 0% used [0x00000000eab00000,0x00000000eab00000,0x00000000f6d80000)
  from space 55296K, 60% used [0x00000000f6d80000,0x00000000f8dfa168,0x00000000fa380000)
  to   space 67072K, 0% used [0x00000000fbe80000,0x00000000fbe80000,0x0000000100000000)
 ParOldGen       total 112128K, used 111632K [0x00000000c0000000, 0x00000000c6d80000, 0x00000000eab00000)
  object space 112128K, 99% used [0x00000000c0000000,0x00000000c6d04090,0x00000000c6d80000)
 Metaspace       used 97247K, capacity 102478K, committed 102912K, reserved 1136640K
  class space    used 13430K, capacity 15435K, committed 15616K, reserved 1048576K
}

