# JRE version: Java(TM) SE Runtime Environment (8.0_60-b27) (build 1.8.0_60-b27)
# Java VM: Java HotSpot(TM) 64-Bit Server VM (25.60-b23 mixed mode windows-amd64 compressed oops)
Heap:
 PSYoungGen      total 253440K, used 215893K [0x00000000eab00000, 0x00000000ff900000, 0x0000000100000000)
  eden space 217088K, 99% used [0x00000000eab00000,0x00000000f7dd56f8,0x00000000f7f00000)
  from space 36352K, 0% used [0x00000000f7f00000,0x00000000f7f00000,0x00000000fa280000)
  to   space 62464K, 0% used [0x00000000fbc00000,0x00000000fbc00000,0x00000000ff900000)
 ParOldGen       total 220672K, used 157584K [0x00000000c0000000, 0x00000000cd780000, 0x00000000eab00000)
  object space 220672K, 71% used [0x00000000c0000000,0x00000000c99e42a0,0x00000000cd780000)
 Metaspace       used 120416K, capacity 126796K, committed 126976K, reserved 1157120K
  class space    used 16844K, capacity 19352K, committed 19456K, reserved 1048576K
GC Heap History (10 events):
Event: 4072.121 GC heap before
{Heap before GC invocations=41 (full 11):
 PSYoungGen      total 269824K, used 35184K [0x00000000eab00000, 0x00000000ff700000, 0x0000000100000000)
  eden space 205824K, 0% used [0x00000000eab00000,0x00000000eab00000,0x00000000f7400000)
  from space 64000K, 54% used [0x00000000fb880000,0x00000000fdadc070,0x00000000ff700000)
  to   space 67072K, 0% used [0x00000000f7400000,0x00000000f7400000,0x00000000fb580000)
 ParOldGen       total 220672K, used 91807K [0x00000000c0000000, 0x00000000cd780000, 0x00000000eab00000)
  object space 220672K, 41% used [0x00000000c0000000,0x00000000c59a7e08,0x00000000cd780000)
 Metaspace       used 96676K, capacity 100866K, committed 110592K, reserved 1140736K
  class space    used 13331K, capacity 15029K, committed 19200K, reserved 1048576K
Event: 4072.903 GC heap after
Heap after GC invocations=41 (full 11):
 PSYoungGen      total 269824K, used 0K [0x00000000eab00000, 0x00000000ff700000, 0x0000000100000000)
  eden space 205824K, 0% used [0x00000000eab00000,0x00000000eab00000,0x00000000f7400000)
  from space 64000K, 0% used [0x00000000fb880000,0x00000000fb880000,0x00000000ff700000)
  to   space 67072K, 0% used [0x00000000f7400000,0x00000000f7400000,0x00000000fb580000)
 ParOldGen       total 220672K, used 124207K [0x00000000c0000000, 0x00000000cd780000, 0x00000000eab00000)
  object space 220672K, 56% used [0x00000000c0000000,0x00000000c794bc28,0x00000000cd780000)
 Metaspace       used 96676K, capacity 100866K, committed 110592K, reserved 1140736K
  class space    used 13331K, capacity 15029K, committed 19200K, reserved 1048576K
}
Event: 4170.795 GC heap before
{Heap before GC invocations=42 (full 11):
 PSYoungGen      total 269824K, used 205824K [0x00000000eab00000, 0x00000000ff700000, 0x0000000100000000)
  eden space 205824K, 100% used [0x00000000eab00000,0x00000000f7400000,0x00000000f7400000)
  from space 64000K, 0% used [0x00000000fb880000,0x00000000fb880000,0x00000000ff700000)
  to   space 67072K, 0% used [0x00000000f7400000,0x00000000f7400000,0x00000000fb580000)
 ParOldGen       total 220672K, used 124207K [0x00000000c0000000, 0x00000000cd780000, 0x00000000eab00000)
  object space 220672K, 56% used [0x00000000c0000000,0x00000000c794bc28,0x00000000cd780000)
 Metaspace       used 104568K, capacity 109542K, committed 112384K, reserved 1142784K
  class space    used 14504K, capacity 16467K, committed 19200K, reserved 1048576K
Event: 4170.821 GC heap after
Heap after GC invocations=42 (full 11):
 PSYoungGen      total 272896K, used 27321K [0x00000000eab00000, 0x00000000fff00000, 0x0000000100000000)
  eden space 205824K, 0% used [0x00000000eab00000,0x00000000eab00000,0x00000000f7400000)
  from space 67072K, 40% used [0x00000000f7400000,0x00000000f8eae750,0x00000000fb580000)
  to   space 65024K, 0% used [0x00000000fbf80000,0x00000000fbf80000,0x00000000fff00000)
 ParOldGen       total 220672K, used 124215K [0x00000000c0000000, 0x00000000cd780000, 0x00000000eab00000)
  object space 220672K, 56% used [0x00000000c0000000,0x00000000c794dc28,0x00000000cd780000)
 Metaspace       used 104568K, capacity 109542K, committed 112384K, reserved 1142784K
  class space    used 14504K, capacity 16467K, committed 19200K, reserved 1048576K
}
Event: 4299.179 GC heap before
{Heap before GC invocations=43 (full 11):
 PSYoungGen      total 272896K, used 233145K [0x00000000eab00000, 0x00000000fff00000, 0x0000000100000000)
  eden space 205824K, 100% used [0x00000000eab00000,0x00000000f7400000,0x00000000f7400000)
  from space 67072K, 40% used [0x00000000f7400000,0x00000000f8eae750,0x00000000fb580000)
  to   space 65024K, 0% used [0x00000000fbf80000,0x00000000fbf80000,0x00000000fff00000)
 ParOldGen       total 220672K, used 124215K [0x00000000c0000000, 0x00000000cd780000, 0x00000000eab00000)
  object space 220672K, 56% used [0x00000000c0000000,0x00000000c794dc28,0x00000000cd780000)
 Metaspace       used 112050K, capacity 117616K, committed 119040K, reserved 1148928K
  class space    used 15602K, capacity 17800K, committed 19200K, reserved 1048576K
Event: 4299.218 GC heap after
Heap after GC invocations=43 (full 11):
 PSYoungGen      total 281088K, used 41486K [0x00000000eab00000, 0x00000000ffe00000, 0x0000000100000000)
  eden space 217088K, 0% used [0x00000000eab00000,0x00000000eab00000,0x00000000f7f00000)
  from space 64000K, 64% used [0x00000000fbf80000,0x00000000fe803a70,0x00000000ffe00000)
  to   space 65024K, 0% used [0x00000000f7f00000,0x00000000f7f00000,0x00000000fbe80000)
 ParOldGen       total 220672K, used 124223K [0x00000000c0000000, 0x00000000cd780000, 0x00000000eab00000)
  object space 220672K, 56% used [0x00000000c0000000,0x00000000c794fc28,0x00000000cd780000)
 Metaspace       used 112050K, capacity 117616K, committed 119040K, reserved 1148928K
  class space    used 15602K, capacity 17800K, committed 19200K, reserved 1048576K
}
Event: 4300.410 GC heap before
{Heap before GC invocations=44 (full 11):
 PSYoungGen      total 281088K, used 65549K [0x00000000eab00000, 0x00000000ffe00000, 0x0000000100000000)
  eden space 217088K, 11% used [0x00000000eab00000,0x00000000ec27fd88,0x00000000f7f00000)
  from space 64000K, 64% used [0x00000000fbf80000,0x00000000fe803a70,0x00000000ffe00000)
  to   space 65024K, 0% used [0x00000000f7f00000,0x00000000f7f00000,0x00000000fbe80000)
 ParOldGen       total 220672K, used 124223K [0x00000000c0000000, 0x00000000cd780000, 0x00000000eab00000)
  object space 220672K, 56% used [0x00000000c0000000,0x00000000c794fc28,0x00000000cd780000)
 Metaspace       used 112486K, capacity 118146K, committed 119552K, reserved 1148928K
  class space    used 15668K, capacity 17895K, committed 19200K, reserved 1048576K
Event: 4300.490 GC heap after
Heap after GC invocations=44 (full 11):
 PSYoungGen      total 253440K, used 35849K [0x00000000eab00000, 0x00000000ff900000, 0x0000000100000000)
  eden space 217088K, 0% used [0x00000000eab00000,0x00000000eab00000,0x00000000f7f00000)
  from space 36352K, 98% used [0x00000000f7f00000,0x00000000fa202788,0x00000000fa280000)
  to   space 62464K, 0% used [0x00000000fbc00000,0x00000000fbc00000,0x00000000ff900000)
 ParOldGen       total 220672K, used 124223K [0x00000000c0000000, 0x00000000cd780000, 0x00000000eab00000)
  object space 220672K, 56% used [0x00000000c0000000,0x00000000c794fc28,0x00000000cd780000)
 Metaspace       used 112486K, capacity 118146K, committed 119552K, reserved 1148928K
  class space    used 15668K, capacity 17895K, committed 19200K, reserved 1048576K
}
Event: 4300.490 GC heap before
{Heap before GC invocations=45 (full 12):
 PSYoungGen      total 253440K, used 35849K [0x00000000eab00000, 0x00000000ff900000, 0x0000000100000000)
  eden space 217088K, 0% used [0x00000000eab00000,0x00000000eab00000,0x00000000f7f00000)
  from space 36352K, 98% used [0x00000000f7f00000,0x00000000fa202788,0x00000000fa280000)
  to   space 62464K, 0% used [0x00000000fbc00000,0x00000000fbc00000,0x00000000ff900000)
 ParOldGen       total 220672K, used 124223K [0x00000000c0000000, 0x00000000cd780000, 0x00000000eab00000)
  object space 220672K, 56% used [0x00000000c0000000,0x00000000c794fc28,0x00000000cd780000)
 Metaspace       used 112486K, capacity 118146K, committed 119552K, reserved 1148928K
  class space    used 15668K, capacity 17895K, committed 19200K, reserved 1048576K
Event: 4301.871 GC heap after
Heap after GC invocations=45 (full 12):
 PSYoungGen      total 253440K, used 0K [0x00000000eab00000, 0x00000000ff900000, 0x0000000100000000)
  eden space 217088K, 0% used [0x00000000eab00000,0x00000000eab00000,0x00000000f7f00000)
  from space 36352K, 0% used [0x00000000f7f00000,0x00000000f7f00000,0x00000000fa280000)
  to   space 62464K, 0% used [0x00000000fbc00000,0x00000000fbc00000,0x00000000ff900000)
 ParOldGen       total 220672K, used 157584K [0x00000000c0000000, 0x00000000cd780000, 0x00000000eab00000)
  object space 220672K, 71% used [0x00000000c0000000,0x00000000c99e42a0,0x00000000cd780000)
 Metaspace       used 112486K, capacity 118146K, committed 119552K, reserved 1148928K
  class space    used 15668K, capacity 17895K, committed 19200K, reserved 1048576K
}

